error: Error (cart.mongo.js): {
 "name": "ID inválido",
 "code": "5",
 "cause": "Se ha recibido un ID inválido. El ID no pertenece a ninguna búsqueda."
}
error: Error (cart.mongo.js): {
 "name": "ID inválido",
 "code": "5",
 "cause": "Se ha recibido un ID inválido. El ID no pertenece a ninguna búsqueda."
}
error: Error (cart.mongo.js): {
 "name": "ID inválido",
 "code": "5",
 "cause": "Se ha recibido un ID inválido. El ID no pertenece a ninguna búsqueda."
}
error: Error (cart.mongo.js): {
 "name": "Cannot read properties of null (reading 'toObject')"
}
error: Error (cart.mongo.js): {
 "name": "Cannot read properties of null (reading 'toObject')"
}
error: Error (user.mongo.js): {
 "name": "ID inválido",
 "code": "5",
 "cause": "Se ha recibido un ID inválido. El ID no pertenece a ninguna búsqueda."
}
error: Error (user.mongo.js): {
 "name": "Operation `users.findOne()` buffering timed out after 10000ms"
}
error: Error (user.mongo.js): Operation `users.findOne()` buffering timed out after 10000ms
error: Error (user.mongo.js): Operation `users.findOne()` buffering timed out after 10000ms
error: Error (user.mongo.js): Operation `users.findOne()` buffering timed out after 10000ms
error: Error (user.mongo.js): Operation `users.findOne()` buffering timed out after 10000ms
error: Error (cart.mongo.js): {
 "name": "Operation `carts.findOne()` buffering timed out after 10000ms"
}
error: Error (cart.mongo.js): {
 "name": "ID inválido",
 "code": "5",
 "cause": "Se ha recibido un ID inválido. El ID no pertenece a ninguna búsqueda."
}
error: Error (cart.repository.js): "ID inválido"
error: Error (cart.mongo.js): {
 "name": "ID inválido",
 "code": "5",
 "cause": "Se ha recibido un ID inválido. El ID no pertenece a ninguna búsqueda."
}
error: Error (cart.repository.js): "ID inválido"
error: Error (cart.mongo.js): {
 "name": "ID inválido",
 "code": "5",
 "cause": "Se ha recibido un ID inválido. El ID no pertenece a ninguna búsqueda."
}
error: Error (cart.mongo.js): {
 "name": "ID inválido",
 "code": "5",
 "cause": "Se ha recibido un ID inválido. El ID no pertenece a ninguna búsqueda."
}
error: Error (cart.mongo.js): {
 "name": "ID inválido",
 "code": "5",
 "cause": "Se ha recibido un ID inválido. El ID no pertenece a ninguna búsqueda."
}
error: Error (cart.mongo.js): {
 "name": "ID inválido",
 "code": "5",
 "cause": "Se ha recibido un ID inválido. El ID no pertenece a ninguna búsqueda."
}
error: Error (cart.mongo.js): {
 "name": "ID inválido",
 "code": "5",
 "cause": "Se ha recibido un ID inválido. El ID no pertenece a ninguna búsqueda."
}
error: Error (cart.mongo.js): {
 "name": "ID inválido",
 "code": "5",
 "cause": "Se ha recibido un ID inválido. El ID no pertenece a ninguna búsqueda."
}
error: Error (cart.mongo.js): {
 "name": "ID inválido",
 "code": "5",
 "cause": "Se ha recibido un ID inválido. El ID no pertenece a ninguna búsqueda."
}
error: Error (cart.mongo.js): {
 "name": "ID inválido",
 "code": "5",
 "cause": "Se ha recibido un ID inválido. El ID no pertenece a ninguna búsqueda."
}
error: Error (cart.mongo.js): {
 "name": "ID inválido",
 "code": "5",
 "cause": "Se ha recibido un ID inválido. El ID no pertenece a ninguna búsqueda."
}
error: Error (cart.mongo.js): {
 "name": "Cast to ObjectId failed for value \"sad\" (type string) at path \"_id\" for model \"carts\""
}
error: Error (cart.mongo.js): {
 "name": "ID inválido",
 "code": "5",
 "cause": "Se ha recibido un ID inválido. El ID no pertenece a ninguna búsqueda."
}
error: Error (cart.mongo.js): {
 "name": "ID inválido",
 "code": "5",
 "cause": "Se ha recibido un ID inválido. El ID no pertenece a ninguna búsqueda."
}
error: Error (error.js): {
 "name": "ID inválido",
 "code": "4",
 "cause": "Se ha recibido un ID inválido. El ID tiene que ser alfanumérico. Ejemplo: 651f20d37ddebb31530de063"
}
error: Error (error.js): {
 "name": "ID inválido",
 "code": "4",
 "cause": "Se ha recibido un ID inválido. El ID tiene que ser alfanumérico. Ejemplo: 651f20d37ddebb31530de063"
}
error: Error (error.js): {
 "name": "ID inválido",
 "code": "4",
 "cause": "Se ha recibido un ID inválido. El ID tiene que ser alfanumérico. Ejemplo: 651f20d37ddebb31530de063"
}
error: Error (error.js): {
 "name": "ID inválido",
 "code": "4",
 "cause": "Se ha recibido un ID inválido. El ID tiene que ser alfanumérico. Ejemplo: 651f20d37ddebb31530de063"
}
error: Error (error.js): {
 "name": "ID inválido",
 "code": "4",
 "cause": "Se ha recibido un ID inválido. El ID tiene que ser alfanumérico. Ejemplo: 651f20d37ddebb31530de063"
}
error: Error (error.js): {
 "name": "ID inválido",
 "code": "4",
 "cause": "Se ha recibido un ID inválido. El ID tiene que ser alfanumérico. Ejemplo: 651f20d37ddebb31530de063"
}
error: Error (error.js): {
 "name": "ID inválido",
 "code": "4",
 "cause": "Se ha recibido un ID inválido. El ID tiene que ser alfanumérico. Ejemplo: 651f20d37ddebb31530de063"
}
error: Error (error.js): {
 "name": "ID inválido",
 "code": "4",
 "cause": "Se ha recibido un ID inválido. El ID tiene que ser alfanumérico. Ejemplo: 651f20d37ddebb31530de063"
}
error: Error (error.js): {
 "name": "ID inválido",
 "code": "4",
 "cause": "Se ha recibido un ID inválido. El ID tiene que ser alfanumérico. Ejemplo: 651f20d37ddebb31530de063"
}
error: Error (error.js): {
 "name": "ID inválido",
 "code": "4",
 "cause": "Se ha recibido un ID inválido. El ID tiene que ser alfanumérico. Ejemplo: 651f20d37ddebb31530de063"
}
error: Error (product.mongo.js): {
 "name": "ID inválido",
 "code": "5",
 "cause": "Se ha recibido un ID inválido. El ID no pertenece a ninguna búsqueda."
}
error: Error (product.mongo.js): {
 "name": "Cast to ObjectId failed for value \"this\" (type string) at path \"_id\" for model \"products\""
}
error: Error (product.mongo.js): {
 "name": "ID inválido",
 "code": "5",
 "cause": "Se ha recibido un ID inválido. El ID no pertenece a ninguna búsqueda."
}
